<?xml version="1.0" encoding="UTF-8"?>
<!-- Generated by org.testng.reporters.JUnitReportReporter -->
<testsuite hostname="DESKTOP-CLTTIEV" failures="0" tests="1" name="testcases.Review_test" time="69.575" errors="0" timestamp="2023-12-17T11:44:05 IST" skipped="0">
  <testcase classname="testcases.Review_test" name="terms" time="69.575"/>
  <system-out/>
</testsuite> <!-- testcases.Review_test -->
