<?xml version="1.0" encoding="UTF-8"?>
<!-- Generated by org.testng.reporters.JUnitReportReporter -->
<testsuite hostname="DESKTOP-CLTTIEV" failures="0" tests="1" name="testcases.Newloan_test" time="66.501" errors="0" timestamp="2023-12-17T01:31:13 IST" skipped="0">
  <testcase classname="testcases.Newloan_test" name="newloan" time="66.501"/>
  <system-out/>
</testsuite> <!-- testcases.Newloan_test -->
