<?xml version="1.0" encoding="UTF-8"?>
<!-- Generated by org.testng.reporters.JUnitReportReporter -->
<testsuite hostname="DESKTOP-CLTTIEV" failures="0" tests="1" name="testcases.Login_test" time="16.624" errors="0" timestamp="2023-12-16T16:51:38 IST" skipped="0">
  <testcase classname="testcases.Login_test" name="loginwithinvalid" time="16.624"/>
  <system-out/>
</testsuite> <!-- testcases.Login_test -->
