<?xml version="1.0" encoding="UTF-8"?>
<!-- Generated by org.testng.reporters.JUnitReportReporter -->
<testsuite hostname="DESKTOP-CLTTIEV" failures="0" tests="1" name="testcases.Createclient_test" time="37.434" errors="0" timestamp="2023-12-16T21:53:01 IST" skipped="0">
  <testcase classname="testcases.Createclient_test" name="createclient" time="37.434"/>
  <system-out/>
</testsuite> <!-- testcases.Createclient_test -->
